{"body":{},"level":"error","message":"SyntaxError","params":{},"path":"/users","query":{}}
{"body":{},"level":"error","message":"SyntaxError","params":{},"path":"/users","query":{}}
{"code":"ERR_OSSL_UNSUPPORTED","level":"error","library":"DECODER routines","message":"Winston Unhandled Rejection Logger... error:1E08010C:DECODER routines::unsupported","reason":"unsupported","stack":"Error: error:1E08010C:DECODER routines::unsupported\n    at Sign.sign (node:internal/crypto/sig:131:29)\n    at Object.sign (C:\\NodeJS\\Node-Mentoring-programm\\node_modules\\jwa\\index.js:152:45)\n    at Object.jwsSign [as sign] (C:\\NodeJS\\Node-Mentoring-programm\\node_modules\\jws\\lib\\sign-stream.js:32:24)\n    at module.exports [as sign] (C:\\NodeJS\\Node-Mentoring-programm\\node_modules\\jsonwebtoken\\sign.js:204:16)\n    at C:\\NodeJS\\Node-Mentoring-programm\\dist\\utils\\utils.js:38:28\n    at Generator.next (<anonymous>)\n    at C:\\NodeJS\\Node-Mentoring-programm\\dist\\utils\\utils.js:8:71\n    at new Promise (<anonymous>)\n    at __awaiter (C:\\NodeJS\\Node-Mentoring-programm\\dist\\utils\\utils.js:4:12)\n    at signToken (C:\\NodeJS\\Node-Mentoring-programm\\dist\\utils\\utils.js:37:29)"}
{"code":"ERR_OSSL_UNSUPPORTED","level":"error","library":"DECODER routines","message":"Winston Unhandled Rejection Logger... error:1E08010C:DECODER routines::unsupported","reason":"unsupported","stack":"Error: error:1E08010C:DECODER routines::unsupported\n    at Sign.sign (node:internal/crypto/sig:131:29)\n    at Object.sign (C:\\NodeJS\\Node-Mentoring-programm\\node_modules\\jwa\\index.js:152:45)\n    at Object.jwsSign [as sign] (C:\\NodeJS\\Node-Mentoring-programm\\node_modules\\jws\\lib\\sign-stream.js:32:24)\n    at module.exports [as sign] (C:\\NodeJS\\Node-Mentoring-programm\\node_modules\\jsonwebtoken\\sign.js:204:16)\n    at C:\\NodeJS\\Node-Mentoring-programm\\dist\\utils\\utils.js:38:28\n    at Generator.next (<anonymous>)\n    at C:\\NodeJS\\Node-Mentoring-programm\\dist\\utils\\utils.js:8:71\n    at new Promise (<anonymous>)\n    at __awaiter (C:\\NodeJS\\Node-Mentoring-programm\\dist\\utils\\utils.js:4:12)\n    at signToken (C:\\NodeJS\\Node-Mentoring-programm\\dist\\utils\\utils.js:37:29)"}
{"code":"ERR_OSSL_UNSUPPORTED","level":"error","library":"DECODER routines","message":"Winston Unhandled Rejection Logger... error:1E08010C:DECODER routines::unsupported","reason":"unsupported","stack":"Error: error:1E08010C:DECODER routines::unsupported\n    at Sign.sign (node:internal/crypto/sig:131:29)\n    at Object.sign (C:\\NodeJS\\Node-Mentoring-programm\\node_modules\\jwa\\index.js:152:45)\n    at Object.jwsSign [as sign] (C:\\NodeJS\\Node-Mentoring-programm\\node_modules\\jws\\lib\\sign-stream.js:32:24)\n    at module.exports [as sign] (C:\\NodeJS\\Node-Mentoring-programm\\node_modules\\jsonwebtoken\\sign.js:204:16)\n    at C:\\NodeJS\\Node-Mentoring-programm\\dist\\utils\\utils.js:38:28\n    at Generator.next (<anonymous>)\n    at C:\\NodeJS\\Node-Mentoring-programm\\dist\\utils\\utils.js:8:71\n    at new Promise (<anonymous>)\n    at __awaiter (C:\\NodeJS\\Node-Mentoring-programm\\dist\\utils\\utils.js:4:12)\n    at signToken (C:\\NodeJS\\Node-Mentoring-programm\\dist\\utils\\utils.js:37:29)"}
{"code":"ERR_OSSL_UNSUPPORTED","level":"error","library":"DECODER routines","message":"Winston Unhandled Rejection Logger... error:1E08010C:DECODER routines::unsupported","reason":"unsupported","stack":"Error: error:1E08010C:DECODER routines::unsupported\n    at Sign.sign (node:internal/crypto/sig:131:29)\n    at Object.sign (C:\\NodeJS\\Node-Mentoring-programm\\node_modules\\jwa\\index.js:152:45)\n    at Object.jwsSign [as sign] (C:\\NodeJS\\Node-Mentoring-programm\\node_modules\\jws\\lib\\sign-stream.js:32:24)\n    at module.exports [as sign] (C:\\NodeJS\\Node-Mentoring-programm\\node_modules\\jsonwebtoken\\sign.js:204:16)\n    at C:\\NodeJS\\Node-Mentoring-programm\\dist\\utils\\utils.js:38:28\n    at Generator.next (<anonymous>)\n    at C:\\NodeJS\\Node-Mentoring-programm\\dist\\utils\\utils.js:8:71\n    at new Promise (<anonymous>)\n    at __awaiter (C:\\NodeJS\\Node-Mentoring-programm\\dist\\utils\\utils.js:4:12)\n    at signToken (C:\\NodeJS\\Node-Mentoring-programm\\dist\\utils\\utils.js:37:29)"}
{"code":"ERR_OSSL_UNSUPPORTED","level":"error","library":"DECODER routines","message":"Winston Unhandled Rejection Logger... error:1E08010C:DECODER routines::unsupported","reason":"unsupported","stack":"Error: error:1E08010C:DECODER routines::unsupported\n    at Sign.sign (node:internal/crypto/sig:131:29)\n    at Object.sign (C:\\NodeJS\\Node-Mentoring-programm\\node_modules\\jwa\\index.js:152:45)\n    at Object.jwsSign [as sign] (C:\\NodeJS\\Node-Mentoring-programm\\node_modules\\jws\\lib\\sign-stream.js:32:24)\n    at module.exports [as sign] (C:\\NodeJS\\Node-Mentoring-programm\\node_modules\\jsonwebtoken\\sign.js:204:16)\n    at C:\\NodeJS\\Node-Mentoring-programm\\dist\\utils\\utils.js:38:28\n    at Generator.next (<anonymous>)\n    at C:\\NodeJS\\Node-Mentoring-programm\\dist\\utils\\utils.js:8:71\n    at new Promise (<anonymous>)\n    at __awaiter (C:\\NodeJS\\Node-Mentoring-programm\\dist\\utils\\utils.js:4:12)\n    at signToken (C:\\NodeJS\\Node-Mentoring-programm\\dist\\utils\\utils.js:37:29)"}
{"level":"error","message":"Winston Unhandled Rejection Logger... Expected \"payload\" to be a plain object.","stack":"Error: Expected \"payload\" to be a plain object.\n    at validate (C:\\NodeJS\\Node-Mentoring-programm\\node_modules\\jsonwebtoken\\sign.js:40:11)\n    at validatePayload (C:\\NodeJS\\Node-Mentoring-programm\\node_modules\\jsonwebtoken\\sign.js:62:10)\n    at module.exports [as sign] (C:\\NodeJS\\Node-Mentoring-programm\\node_modules\\jsonwebtoken\\sign.js:114:7)\n    at generateAccessToken (C:\\NodeJS\\Node-Mentoring-programm\\dist\\utils\\utils.js:30:16)\n    at C:\\NodeJS\\Node-Mentoring-programm\\dist\\routes\\public.router.js:23:57\n    at Generator.next (<anonymous>)\n    at fulfilled (C:\\NodeJS\\Node-Mentoring-programm\\dist\\routes\\public.router.js:5:58)\n    at process.processTicksAndRejections (node:internal/process/task_queues:95:5)"}
{"body":{},"level":"error","message":"Error","params":{},"path":"/users/all","query":{}}
{"body":{},"level":"error","message":"Error","params":{},"path":"/users/suggestUsers","query":{}}
{"body":{},"level":"error","message":"Error","params":{},"path":"/users/filter","query":{}}
{"body":{"substring":"avscs"},"level":"error","message":"Error","params":{},"path":"/users/filter","query":{}}
{"body":{"substring":"avscs"},"level":"error","message":"Error","params":{},"path":"/users/filter","query":{}}
{"body":{"substring":"avscs"},"level":"error","message":"Error","params":{},"path":"/users/filter","query":{}}
{"body":{},"level":"error","message":"Error","params":{},"path":"/users/filter","query":{"substring":"trung"}}
{"errors":[{"instance":{"age":50,"id":"b5f47e6c-85be-4075-8dbe-470084cbb6a0","isDeleted":false,"login":"user22","password":"$2b$10$zcDCU4wELvhM2FpUDynUJeQlrDECdGGxtLEUdxm1wJs6RhVl.iNQy"},"message":"Password does not meets the requirements","origin":"FUNCTION","original":{},"path":"password","type":"Validation error","validatorArgs":[],"validatorKey":"validatePassword","validatorName":null,"value":"$2b$10$zcDCU4wELvhM2FpUDynUJeQlrDECdGGxtLEUdxm1wJs6RhVl.iNQy"}],"level":"error","message":"Winston Unhandled Rejection Logger... Validation error: Password does not meets the requirements","name":"SequelizeValidationError","stack":"SequelizeValidationError: Validation error: Password does not meets the requirements\n    at InstanceValidator._validate (C:\\NodeJS\\Node-Mentoring-programm\\node_modules\\sequelize\\lib\\instance-validator.js:50:13)\n    at process.processTicksAndRejections (node:internal/process/task_queues:95:5)\n    at async InstanceValidator._validateAndRunHooks (C:\\NodeJS\\Node-Mentoring-programm\\node_modules\\sequelize\\lib\\instance-validator.js:60:7)\n    at async InstanceValidator.validate (C:\\NodeJS\\Node-Mentoring-programm\\node_modules\\sequelize\\lib\\instance-validator.js:54:12)\n    at async model.save (C:\\NodeJS\\Node-Mentoring-programm\\node_modules\\sequelize\\lib\\model.js:2368:7)\n    at async users.create (C:\\NodeJS\\Node-Mentoring-programm\\node_modules\\sequelize\\lib\\model.js:1344:12)"}
{"errors":[{"instance":{"age":50,"id":"2ba0d112-24de-4c70-8487-c9f163b49046","isDeleted":false,"login":"user22","password":"$2b$10$REVQtazflUuD9B9wY5RyA.2p6v8Pv4mTa0zHwACR.HfvnFTvCEtze"},"message":"Password does not meets the requirements","origin":"FUNCTION","original":{},"path":"password","type":"Validation error","validatorArgs":[],"validatorKey":"validatePassword","validatorName":null,"value":"$2b$10$REVQtazflUuD9B9wY5RyA.2p6v8Pv4mTa0zHwACR.HfvnFTvCEtze"}],"level":"error","message":"Winston Unhandled Rejection Logger... Validation error: Password does not meets the requirements","name":"SequelizeValidationError","stack":"SequelizeValidationError: Validation error: Password does not meets the requirements\n    at InstanceValidator._validate (C:\\NodeJS\\Node-Mentoring-programm\\node_modules\\sequelize\\lib\\instance-validator.js:50:13)\n    at process.processTicksAndRejections (node:internal/process/task_queues:95:5)\n    at async InstanceValidator._validateAndRunHooks (C:\\NodeJS\\Node-Mentoring-programm\\node_modules\\sequelize\\lib\\instance-validator.js:60:7)\n    at async InstanceValidator.validate (C:\\NodeJS\\Node-Mentoring-programm\\node_modules\\sequelize\\lib\\instance-validator.js:54:12)\n    at async model.save (C:\\NodeJS\\Node-Mentoring-programm\\node_modules\\sequelize\\lib\\model.js:2368:7)\n    at async users.create (C:\\NodeJS\\Node-Mentoring-programm\\node_modules\\sequelize\\lib\\model.js:1344:12)"}
{"errors":[{"instance":{"age":50,"id":"2fc8ee27-0452-4644-a47d-7f2886504821","isDeleted":false,"login":"user22","password":"$2b$10$ufXf.OIPX9zWtQZf7u.V.O7zUqvVga92kmNm112uqFaCBb0KqzHIS"},"message":"Password does not meets the requirements","origin":"FUNCTION","original":{},"path":"password","type":"Validation error","validatorArgs":[],"validatorKey":"validatePassword","validatorName":null,"value":"$2b$10$ufXf.OIPX9zWtQZf7u.V.O7zUqvVga92kmNm112uqFaCBb0KqzHIS"}],"level":"error","message":"Winston Unhandled Rejection Logger... Validation error: Password does not meets the requirements","name":"SequelizeValidationError","stack":"SequelizeValidationError: Validation error: Password does not meets the requirements\n    at InstanceValidator._validate (C:\\NodeJS\\Node-Mentoring-programm\\node_modules\\sequelize\\lib\\instance-validator.js:50:13)\n    at process.processTicksAndRejections (node:internal/process/task_queues:95:5)\n    at async InstanceValidator._validateAndRunHooks (C:\\NodeJS\\Node-Mentoring-programm\\node_modules\\sequelize\\lib\\instance-validator.js:60:7)\n    at async InstanceValidator.validate (C:\\NodeJS\\Node-Mentoring-programm\\node_modules\\sequelize\\lib\\instance-validator.js:54:12)\n    at async model.save (C:\\NodeJS\\Node-Mentoring-programm\\node_modules\\sequelize\\lib\\model.js:2368:7)\n    at async users.create (C:\\NodeJS\\Node-Mentoring-programm\\node_modules\\sequelize\\lib\\model.js:1344:12)"}
{"errors":[{"instance":{"age":50,"id":"f6ee3329-815a-4bcd-9d20-4c43d5b799e0","isDeleted":false,"login":"user22","password":"$2b$10$zmwMbpGh5OMhY/3jVWc8OeC0qObPbDOCCNTT6Uf0K7FFjo.NWBBbi"},"message":"Password does not meets the requirements","origin":"FUNCTION","original":{},"path":"password","type":"Validation error","validatorArgs":[],"validatorKey":"validatePassword","validatorName":null,"value":"$2b$10$zmwMbpGh5OMhY/3jVWc8OeC0qObPbDOCCNTT6Uf0K7FFjo.NWBBbi"}],"level":"error","message":"Winston Unhandled Rejection Logger... Validation error: Password does not meets the requirements","name":"SequelizeValidationError","stack":"SequelizeValidationError: Validation error: Password does not meets the requirements\n    at InstanceValidator._validate (C:\\NodeJS\\Node-Mentoring-programm\\node_modules\\sequelize\\lib\\instance-validator.js:50:13)\n    at process.processTicksAndRejections (node:internal/process/task_queues:95:5)\n    at async InstanceValidator._validateAndRunHooks (C:\\NodeJS\\Node-Mentoring-programm\\node_modules\\sequelize\\lib\\instance-validator.js:60:7)\n    at async InstanceValidator.validate (C:\\NodeJS\\Node-Mentoring-programm\\node_modules\\sequelize\\lib\\instance-validator.js:54:12)\n    at async model.save (C:\\NodeJS\\Node-Mentoring-programm\\node_modules\\sequelize\\lib\\model.js:2368:7)\n    at async users.create (C:\\NodeJS\\Node-Mentoring-programm\\node_modules\\sequelize\\lib\\model.js:1344:12)"}
{"errors":[{"instance":{"age":50,"id":"58abcf5a-51cb-4acd-bddd-6bb667c9935a","isDeleted":false,"login":"user22","password":"$2b$10$OfQEs2HVUNVPzIwPp4LmXebr5dNFC/tDDKpRhgquIq0gDuiv28u3u"},"message":"Password does not meets the requirements","origin":"FUNCTION","original":{},"path":"password","type":"Validation error","validatorArgs":[],"validatorKey":"validatePassword","validatorName":null,"value":"$2b$10$OfQEs2HVUNVPzIwPp4LmXebr5dNFC/tDDKpRhgquIq0gDuiv28u3u"}],"level":"error","message":"Winston Unhandled Rejection Logger... Validation error: Password does not meets the requirements","name":"SequelizeValidationError","stack":"SequelizeValidationError: Validation error: Password does not meets the requirements\n    at InstanceValidator._validate (C:\\NodeJS\\Node-Mentoring-programm\\node_modules\\sequelize\\lib\\instance-validator.js:50:13)\n    at process.processTicksAndRejections (node:internal/process/task_queues:95:5)\n    at async InstanceValidator._validateAndRunHooks (C:\\NodeJS\\Node-Mentoring-programm\\node_modules\\sequelize\\lib\\instance-validator.js:60:7)\n    at async InstanceValidator.validate (C:\\NodeJS\\Node-Mentoring-programm\\node_modules\\sequelize\\lib\\instance-validator.js:54:12)\n    at async model.save (C:\\NodeJS\\Node-Mentoring-programm\\node_modules\\sequelize\\lib\\model.js:2368:7)\n    at async users.create (C:\\NodeJS\\Node-Mentoring-programm\\node_modules\\sequelize\\lib\\model.js:1344:12)"}
{"errors":[{"instance":{"age":50,"id":"8ab67e7e-94d4-4609-827c-bb1e38c879fd","isDeleted":false,"login":"user22","password":"$2b$10$tYg8R.HEhgAzkU2rrU0HsOuxCm2kueEIJ3ZdJDrqF1QYQ.FseqxPS"},"message":"Password does not meets the requirements","origin":"FUNCTION","original":{},"path":"password","type":"Validation error","validatorArgs":[],"validatorKey":"validatePassword","validatorName":null,"value":"$2b$10$tYg8R.HEhgAzkU2rrU0HsOuxCm2kueEIJ3ZdJDrqF1QYQ.FseqxPS"}],"level":"error","message":"Winston Unhandled Rejection Logger... Validation error: Password does not meets the requirements","name":"SequelizeValidationError","stack":"SequelizeValidationError: Validation error: Password does not meets the requirements\n    at InstanceValidator._validate (C:\\NodeJS\\Node-Mentoring-programm\\node_modules\\sequelize\\lib\\instance-validator.js:50:13)\n    at process.processTicksAndRejections (node:internal/process/task_queues:95:5)\n    at async InstanceValidator._validateAndRunHooks (C:\\NodeJS\\Node-Mentoring-programm\\node_modules\\sequelize\\lib\\instance-validator.js:60:7)\n    at async InstanceValidator.validate (C:\\NodeJS\\Node-Mentoring-programm\\node_modules\\sequelize\\lib\\instance-validator.js:54:12)\n    at async model.save (C:\\NodeJS\\Node-Mentoring-programm\\node_modules\\sequelize\\lib\\model.js:2368:7)\n    at async users.create (C:\\NodeJS\\Node-Mentoring-programm\\node_modules\\sequelize\\lib\\model.js:1344:12)"}
{"errors":[{"instance":{"age":50,"id":"edd602c6-336b-4dbc-a3ba-77b5730ed35e","isDeleted":false,"login":"user22","password":"$2b$10$AQCMJYwrIF8jAojKkbJgZu3rtF/nX8o9yaYEzmeJ3LJerEkQsHXeC"},"message":"Password does not meets the requirements","origin":"FUNCTION","original":{},"path":"password","type":"Validation error","validatorArgs":[],"validatorKey":"validatePassword","validatorName":null,"value":"$2b$10$AQCMJYwrIF8jAojKkbJgZu3rtF/nX8o9yaYEzmeJ3LJerEkQsHXeC"}],"level":"error","message":"Winston Unhandled Rejection Logger... Validation error: Password does not meets the requirements","name":"SequelizeValidationError","stack":"SequelizeValidationError: Validation error: Password does not meets the requirements\n    at InstanceValidator._validate (C:\\NodeJS\\Node-Mentoring-programm\\node_modules\\sequelize\\lib\\instance-validator.js:50:13)\n    at process.processTicksAndRejections (node:internal/process/task_queues:95:5)\n    at async InstanceValidator._validateAndRunHooks (C:\\NodeJS\\Node-Mentoring-programm\\node_modules\\sequelize\\lib\\instance-validator.js:60:7)\n    at async InstanceValidator.validate (C:\\NodeJS\\Node-Mentoring-programm\\node_modules\\sequelize\\lib\\instance-validator.js:54:12)\n    at async model.save (C:\\NodeJS\\Node-Mentoring-programm\\node_modules\\sequelize\\lib\\model.js:2368:7)\n    at async users.create (C:\\NodeJS\\Node-Mentoring-programm\\node_modules\\sequelize\\lib\\model.js:1344:12)"}
{"level":"error","message":"Winston Unhandled Rejection Logger... 400 in createUser Service","stack":"Error: 400 in createUser Service\n    at C:\\NodeJS\\Node-Mentoring-programm\\dist\\services\\user.service.js:29:19\n    at Generator.next (<anonymous>)\n    at fulfilled (C:\\NodeJS\\Node-Mentoring-programm\\dist\\services\\user.service.js:5:58)\n    at process.processTicksAndRejections (node:internal/process/task_queues:95:5)"}
{"body":{"substring":"avscs"},"level":"error","message":"Error","params":{},"path":"/users/filter","query":{}}
{"body":{"substring":"trung"},"level":"error","message":"Error","params":{},"path":"/users/filter","query":{"substring":""}}
{"body":{},"level":"error","message":"Error","params":{},"path":"/users/filter","query":{"substring":"trung"}}
{"body":{"substring":"trung"},"level":"error","message":"Error","params":{},"path":"/users/filter","query":{"substring":""}}
{"body":{"substring":"trung"},"level":"error","message":"Error","params":{},"path":"/users/filter","query":{"substring":""}}
{"body":{},"level":"error","message":"Error","params":{},"path":"/users/filter","query":{"substring":"trung"}}
{"body":{},"level":"error","message":"Error","params":{},"path":"/users/filter","query":{"substring":"trung"}}
{"body":{},"level":"error","message":"Error","params":{},"path":"/users/filter","query":{"substring":"trung"}}
{"body":{},"level":"error","message":"Error","params":{},"path":"/users/filter","query":{"substring":"trung"}}
{"body":{},"level":"error","message":"Error","params":{},"path":"/users/filter","query":{"substring":"trung"}}
{"body":{},"level":"error","message":"Error","params":{},"path":"/users/filter","query":{"substring":"trung"}}
{"body":{},"level":"error","message":"Error","params":{},"path":"/users/filter","query":{"substring":"trung"}}
{"body":{},"level":"error","message":"Error","params":{},"path":"/users/filter","query":{"substring":"trung"}}
{"body":{},"level":"error","message":"Error","params":{},"path":"/users/filter","query":{"substring":"trung"}}
{"body":{},"level":"error","message":"Error","params":{},"path":"/users/filter","query":{"substring":"trung"}}
{"body":{},"level":"error","message":"Error","params":{},"path":"/users/filter","query":{"substring":"trung"}}
{"body":{},"level":"error","message":"Error","params":{},"path":"/users/filter","query":{"substring":"trung"}}
{"body":{},"level":"error","message":"Error","params":{},"path":"/users/filter","query":{"substring":"trung"}}
{"body":{},"level":"error","message":"Error","params":{},"path":"/users/filter","query":{"substring":"trung"}}
{"body":{},"level":"error","message":"Error","params":{},"path":"/users/filter","query":{"substring":"trung"}}
{"body":{},"level":"error","message":"Error","params":{},"path":"/users/filter","query":{"substring":"trung"}}
{"body":{},"level":"error","message":"Error","params":{},"path":"/users/filter","query":{"loginSubstring":"trung"}}
{"body":{},"level":"error","message":"Error","params":{},"path":"/users/filter","query":{"loginSubstring":"trung"}}
{"body":{},"level":"error","message":"Error","params":{},"path":"/users/filter","query":{"loginSubstring":"user"}}
{"body":{},"level":"error","message":"Error","params":{},"path":"/users/filter","query":{"loginSubstring":"user"}}
{"body":{},"level":"error","message":"Error","params":{},"path":"/users/filter","query":{"loginSubstring":"user"}}
{"body":{},"level":"error","message":"Error","params":{},"path":"/users/filter","query":{"loginSubstring":"user"}}
{"body":{},"level":"error","message":"Error","params":{},"path":"/users/filter","query":{"loginSubstring":"user"}}
{"body":{},"level":"error","message":"Error","params":{},"path":"/users/filter","query":{"loginSubstring":"user"}}
{"body":{"login":"user3","password":"123"},"level":"error","message":"ReferenceError","params":{},"path":"/login","query":{}}
{"body":{"login":"user3","password":"123"},"level":"error","message":"Error","params":{},"path":"/login","query":{}}
{"body":{"login":"user1","password":"123"},"level":"error","message":"Error","params":{},"path":"/login","query":{}}
{"body":{"login":"user1","password":"123"},"level":"error","message":"Error","params":{},"path":"/login","query":{}}
{"body":{"login":"user22","password":"Trungs3"},"level":"error","message":"Error","params":{},"path":"/login","query":{}}
{"body":{"login":"user22","password":"Trungs3"},"level":"error","message":"Error","params":{},"path":"/login","query":{}}
{"body":{"login":"user22","password":"Trungser123"},"level":"error","message":"Error","params":{},"path":"/login","query":{}}
{"body":{},"level":"error","message":"Error","params":{},"path":"/users/:6593bbe6-a578-48f6-9db7-ccd16f5582f3","query":{}}
{"body":{},"level":"error","message":"Error","params":{},"path":"/users/:8","query":{}}
{"body":{"age":30,"id":"30","isDeleted":false,"login":"user30","password":"Trungser123"},"level":"error","message":"Error","params":{},"path":"/api/v1/users/create","query":{}}
{"body":{"age":30,"id":"31","isDeleted":false,"login":"user31","password":"Trungser123"},"level":"error","message":"Error","params":{},"path":"/api/v1/users/create","query":{}}
{"body":{"age":30,"id":"33","isDeleted":false,"login":"user33","password":"Trungser123"},"level":"error","message":"Error","params":{},"path":"/api/v1/users/create","query":{}}
{"body":{"age":50,"id":"22","isDeleted":false,"login":"user22","password":"Trungser123"},"level":"error","message":"Error","params":{},"path":"/api/v1/users/create","query":{}}
{"body":{"age":50,"id":"22","isDeleted":false,"login":"user22","password":"Trungser123"},"level":"error","message":"Error","params":{},"path":"/api/v1/users/create","query":{}}
{"body":{"age":50,"id":"22","isDeleted":false,"login":"user22","password":"Trungser123"},"level":"error","message":"Error","params":{},"path":"/api/v1/users/create","query":{}}
{"body":{"age":50,"id":"22","isDeleted":false,"login":"user22","password":"Trungser123"},"level":"error","message":"Error","params":{},"path":"/api/v1/users/create","query":{}}
{"body":{"age":50,"id":"22","isDeleted":false,"login":"user22","password":"Trungser123"},"level":"error","message":"Error","params":{},"path":"/api/v1/users/create","query":{}}
{"body":{"age":50,"id":"22","isDeleted":false,"login":"user22","password":"Trungser123"},"level":"error","message":"Error","params":{},"path":"/api/v1/users/create","query":{}}
{"body":{"age":50,"id":"22","isDeleted":false,"login":"user22","password":"Trungser123"},"level":"error","message":"Error","params":{},"path":"/api/v1/users/create","query":{}}
{"body":{"age":50,"id":"22","isDeleted":false,"login":"user22","password":"Trungser123"},"level":"error","message":"Error","params":{},"path":"/api/v1/users/create","query":{}}
{"body":{"age":50,"id":"22","isDeleted":false,"login":"user22","password":"Trungser123"},"level":"error","message":"Error","params":{},"path":"/api/v1/users/create","query":{}}
{"body":{"age":50,"id":"22","isDeleted":false,"login":"user22","password":"Trungser123"},"level":"error","message":"Error","params":{},"path":"/api/v1/users/create","query":{}}
{"body":{"age":50,"id":"22","isDeleted":false,"login":"user22","password":"Trungser123"},"level":"error","message":"Error","params":{},"path":"/api/v1/users/create","query":{}}
{"body":{"age":50,"id":"22","isDeleted":false,"login":"user22","password":"Trungser123"},"level":"error","message":"Error","params":{},"path":"/api/v1/users/create","query":{}}
{"body":{"age":50,"id":"22","isDeleted":false,"login":"user22","password":"Trungser123"},"level":"error","message":"Error","params":{},"path":"/api/v1/users/create","query":{}}
{"body":{"age":50,"id":"22","isDeleted":false,"login":"user22","password":"Trungser123"},"level":"error","message":"Error","params":{},"path":"/api/v1/users/create","query":{}}
{"body":{"age":50,"id":"22","isDeleted":false,"login":"user22","password":"Trungser123"},"level":"error","message":"Error","params":{},"path":"/api/v1/users/create","query":{}}
{"body":{"age":50,"id":"22","isDeleted":false,"login":"user22","password":"Trungser123"},"level":"error","message":"Error","params":{},"path":"/api/v1/users/create","query":{}}
{"body":{"age":50,"id":"22","isDeleted":false,"login":"user22","password":"Trungser123"},"level":"error","message":"Error","params":{},"path":"/api/v1/users/create","query":{}}
{"body":{"age":50,"id":"22","isDeleted":false,"login":"user22","password":"Trungser123"},"level":"error","message":"Error","params":{},"path":"/api/v1/users/create","query":{}}
{"body":{"age":50,"id":"22","isDeleted":false,"login":"user22","password":"Trungser123"},"level":"error","message":"Error","params":{},"path":"/api/v1/users/create","query":{}}
{"body":{"age":50,"id":"22","isDeleted":false,"login":"user22","password":"Trungser123"},"level":"error","message":"Error","params":{},"path":"/api/v1/users/create","query":{}}
{"body":{"age":50,"id":"22","isDeleted":false,"login":"user22","password":"Trungser123"},"level":"error","message":"Error","params":{},"path":"/api/v1/users/create","query":{}}
{"body":{"age":50,"id":"22","isDeleted":false,"login":"user22","password":"Trungser123"},"level":"error","message":"Error","params":{},"path":"/api/v1/users/create","query":{}}
{"body":{"age":50,"id":"22","isDeleted":false,"login":"user22","password":"Trungser123"},"level":"error","message":"Error","params":{},"path":"/api/v1/users/create","query":{}}
{"body":{},"level":"error","message":"Error","params":{},"path":"/api/v1/users/getAllUsers","query":{}}
{"body":{"age":50,"id":"22","isDeleted":false,"login":"user22","password":"Trungser123"},"level":"error","message":"Error","params":{},"path":"/api/v1/users/create","query":{}}
{"body":{},"level":"error","message":"Error","params":{},"path":"/api/v1/users/getAllUsers","query":{}}
{"body":{"age":50,"id":"22","isDeleted":false,"login":"user22","password":"Trungser123"},"level":"error","message":"Error","params":{},"path":"/api/v1/users/create","query":{}}
{"body":{},"level":"error","message":"Error","params":{},"path":"/api/v1/users/getAllUsers","query":{}}
{"body":{"age":50,"id":"22","isDeleted":false,"login":"user22","password":"Trungser123"},"level":"error","message":"Error","params":{},"path":"/api/v1/users/create","query":{}}
{"body":{},"level":"error","message":"Error","params":{},"path":"/api/v1/users/getAllUsers","query":{}}
{"body":{"age":50,"id":"22","isDeleted":false,"login":"user22","password":"Trungser123"},"level":"error","message":"Error","params":{},"path":"/api/v1/users/create","query":{}}
{"body":{},"level":"error","message":"Error","params":{},"path":"/api/v1/users/getAllUsers","query":{}}
{"body":{"age":50,"id":"22","isDeleted":false,"login":"user22","password":"Trungser123"},"level":"error","message":"Error","params":{},"path":"/api/v1/users/create","query":{}}
{"body":{},"level":"error","message":"Error","params":{},"path":"/api/v1/users/getAllUsers","query":{}}
{"body":{"age":50,"id":"22","isDeleted":false,"login":"user22","password":"Trungser123"},"level":"error","message":"Error","params":{},"path":"/api/v1/users/create","query":{}}
{"body":{},"level":"error","message":"Error","params":{},"path":"/api/v1/users/getAllUsers","query":{}}
{"body":{"age":50,"id":"22","isDeleted":false,"login":"user22","password":"Trungser123"},"level":"error","message":"Error","params":{},"path":"/api/v1/users/create","query":{}}
{"body":{},"level":"error","message":"Error","params":{},"path":"/api/v1/users/getAllUsers","query":{}}
{"body":{"age":50,"id":"22","isDeleted":false,"login":"user22","password":"Trungser123"},"level":"error","message":"Error","params":{},"path":"/api/v1/users/create","query":{}}
{"body":{},"level":"error","message":"Error","params":{},"path":"/api/v1/users/getAllUsers","query":{}}
{"body":{"age":50,"id":"22","isDeleted":false,"login":"user22","password":"Trungser123"},"level":"error","message":"Error","params":{},"path":"/api/v1/users/create","query":{}}
{"body":{},"level":"error","message":"Error","params":{},"path":"/api/v1/users/getAllUsers","query":{}}
{"body":{"age":50,"id":"22","isDeleted":false,"login":"user22","password":"Trungser123"},"level":"error","message":"Error","params":{},"path":"/api/v1/users/create","query":{}}
{"body":{},"level":"error","message":"Error","params":{},"path":"/api/v1/users/getAllUsers","query":{}}
{"body":{"age":50,"id":"22","isDeleted":false,"login":"user22","password":"Trungser123"},"level":"error","message":"Error","params":{},"path":"/api/v1/users/create","query":{}}
{"body":{},"level":"error","message":"Error","params":{},"path":"/api/v1/users/getAllUsers","query":{}}
{"body":{"age":50,"id":"22","isDeleted":false,"login":"user22","password":"Trungser123"},"level":"error","message":"Error","params":{},"path":"/api/v1/users/create","query":{}}
{"body":{},"level":"error","message":"Error","params":{},"path":"/api/v1/users/getAllUsers","query":{}}
{"body":{"age":50,"id":"22","isDeleted":false,"login":"user22","password":"Trungser123"},"level":"error","message":"Error","params":{},"path":"/api/v1/users/create","query":{}}
{"body":{},"level":"error","message":"Error","params":{},"path":"/api/v1/users/getAllUsers","query":{}}
{"body":{"age":50,"id":"22","isDeleted":false,"login":"user22","password":"Trungser123"},"level":"error","message":"Error","params":{},"path":"/api/v1/users/create","query":{}}
{"body":{},"level":"error","message":"Error","params":{},"path":"/api/v1/users/getAllUsers","query":{}}
{"body":{"age":50,"id":"22","isDeleted":false,"login":"user22","password":"Trungser123"},"level":"error","message":"Error","params":{},"path":"/api/v1/users/create","query":{}}
{"body":{},"level":"error","message":"Error","params":{},"path":"/api/v1/users/getAllUsers","query":{}}
{"body":{},"level":"error","message":"Error","params":{},"path":"/api/v1/users/getAllUsers","query":{}}
{"body":{"age":50,"id":"22","isDeleted":false,"login":"user22","password":"Trungser123"},"level":"error","message":"Error","params":{},"path":"/api/v1/users/create","query":{}}
{"body":{},"level":"error","message":"Error","params":{},"path":"/api/v1/users/getAllUsers","query":{}}
{"body":{"age":50,"id":"22","isDeleted":false,"login":"user22","password":"Trungser123"},"level":"error","message":"Error","params":{},"path":"/api/v1/users/create","query":{}}
{"body":{},"level":"error","message":"Error","params":{},"path":"/api/v1/users/getAllUsers","query":{}}
{"body":{"age":50,"id":"22","isDeleted":false,"login":"user22","password":"Trungser123"},"level":"error","message":"Error","params":{},"path":"/api/v1/users/create","query":{}}
{"body":{},"level":"error","message":"Error","params":{},"path":"/api/v1/users/getAllUsers","query":{}}
{"body":{"age":50,"id":"22","isDeleted":false,"login":"user22","password":"Trungser123"},"level":"error","message":"Error","params":{},"path":"/api/v1/users/create","query":{}}
{"body":{},"level":"error","message":"Error","params":{},"path":"/api/v1/users/getAllUsers","query":{}}
{"body":{},"level":"error","message":"Error","params":{},"path":"/api/v1/users/:id","query":{}}
{"body":{"age":50,"id":"22","isDeleted":false,"login":"user22","password":"Trungser123"},"level":"error","message":"Error","params":{},"path":"/api/v1/users/create","query":{}}
{"body":{},"level":"error","message":"Error","params":{},"path":"/api/v1/users/getAllUsers","query":{}}
{"body":{},"level":"error","message":"Error","params":{},"path":"/api/v1/users/:id","query":{}}
{"body":{"age":50,"id":"22","isDeleted":false,"login":"user22","password":"Trungser123"},"level":"error","message":"Error","params":{},"path":"/api/v1/users/create","query":{}}
{"body":{},"level":"error","message":"Error","params":{},"path":"/api/v1/users/getAllUsers","query":{}}
{"body":{},"level":"error","message":"Error","params":{},"path":"/api/v1/users/:id","query":{}}
{"body":{},"level":"error","message":"Error","params":{},"path":"/api/v1/users/:id","query":{}}
{"body":{"age":50,"id":"22","isDeleted":false,"login":"user22","password":"Trungser123"},"level":"error","message":"Error","params":{},"path":"/api/v1/users/create","query":{}}
{"body":{},"level":"error","message":"Error","params":{},"path":"/api/v1/users/getAllUsers","query":{}}
{"body":{},"level":"error","message":"Error","params":{},"path":"/api/v1/users/:id","query":{}}
{"body":{},"level":"error","message":"Error","params":{},"path":"/api/v1/users/:id","query":{}}
{"body":{"age":50,"id":"22","isDeleted":false,"login":"user22","password":"Trungser123"},"level":"error","message":"Error","params":{},"path":"/api/v1/users/create","query":{}}
{"body":{},"level":"error","message":"Error","params":{},"path":"/api/v1/users/getAllUsers","query":{}}
{"body":{},"level":"error","message":"Error","params":{},"path":"/api/v1/users/:id","query":{}}
{"body":{},"level":"error","message":"Error","params":{},"path":"/api/v1/users/:id","query":{}}
{"body":{"age":50,"id":"22","isDeleted":false,"login":"user22","password":"Trungser123"},"level":"error","message":"Error","params":{},"path":"/api/v1/users/create","query":{}}
{"body":{},"level":"error","message":"Error","params":{},"path":"/api/v1/users/getAllUsers","query":{}}
{"body":{},"level":"error","message":"Error","params":{},"path":"/api/v1/users/:id","query":{}}
{"body":{},"level":"error","message":"Error","params":{},"path":"/api/v1/users/:id","query":{}}
{"body":{"age":50,"id":"22","isDeleted":false,"login":"user22","password":"Trungser123"},"level":"error","message":"Error","params":{},"path":"/api/v1/users/create","query":{}}
{"body":{},"level":"error","message":"Error","params":{},"path":"/api/v1/users/getAllUsers","query":{}}
{"body":{},"level":"error","message":"Error","params":{},"path":"/api/v1/users/:id","query":{}}
{"body":{},"level":"error","message":"Error","params":{},"path":"/api/v1/users/:id","query":{}}
{"body":{"age":50,"id":"22","isDeleted":false,"login":"user22","password":"Trungser123"},"level":"error","message":"Error","params":{},"path":"/api/v1/users/create","query":{}}
{"body":{},"level":"error","message":"Error","params":{},"path":"/api/v1/users/getAllUsers","query":{}}
{"body":{},"level":"error","message":"Error","params":{},"path":"/api/v1/users/:id","query":{}}
{"body":{},"level":"error","message":"Error","params":{},"path":"/api/v1/users/:id","query":{}}
{"body":{"age":50,"id":"22","isDeleted":false,"login":"user22","password":"Trungser123"},"level":"error","message":"Error","params":{},"path":"/api/v1/users/create","query":{}}
{"body":{},"level":"error","message":"Error","params":{},"path":"/api/v1/users/getAllUsers","query":{}}
{"body":{},"level":"error","message":"Error","params":{},"path":"/api/v1/users/:id","query":{}}
{"body":{},"level":"error","message":"Error","params":{},"path":"/api/v1/users/:id","query":{}}
{"body":{"age":50,"id":"22","isDeleted":false,"login":"user22","password":"Trungser123"},"level":"error","message":"Error","params":{},"path":"/api/v1/users/create","query":{}}
{"body":{},"level":"error","message":"Error","params":{},"path":"/api/v1/users/getAllUsers","query":{}}
{"body":{},"level":"error","message":"Error","params":{},"path":"/api/v1/users/:id","query":{}}
{"body":{},"level":"error","message":"Error","params":{},"path":"/api/v1/users/:id","query":{}}
{"body":{"age":50,"id":"22","isDeleted":false,"login":"user22","password":"Trungser123"},"level":"error","message":"Error","params":{},"path":"/api/v1/users/create","query":{}}
{"body":{},"level":"error","message":"Error","params":{},"path":"/api/v1/users/getAllUsers","query":{}}
{"body":{},"level":"error","message":"Error","params":{},"path":"/api/v1/users/:id","query":{}}
{"body":{},"level":"error","message":"Error","params":{},"path":"/api/v1/users/:id","query":{}}
{"body":{"age":50,"id":"22","isDeleted":false,"login":"user22","password":"Trungser123"},"level":"error","message":"Error","params":{},"path":"/api/v1/users/create","query":{}}
{"body":{},"level":"error","message":"Error","params":{},"path":"/api/v1/users/getAllUsers","query":{}}
{"body":{},"level":"error","message":"Error","params":{},"path":"/api/v1/users/34","query":{}}
{"body":{},"level":"error","message":"Error","params":{},"path":"/api/v1/users/:id","query":{}}
{"body":{"age":50,"id":"22","isDeleted":false,"login":"user22","password":"Trungser123"},"level":"error","message":"Error","params":{},"path":"/api/v1/users/create","query":{}}
{"body":{},"level":"error","message":"Error","params":{},"path":"/api/v1/users/getAllUsers","query":{}}
{"body":{},"level":"error","message":"Error","params":{},"path":"/api/v1/users/34","query":{}}
{"body":{"age":50,"id":"22","isDeleted":false,"login":"user22","password":"Trungser123"},"level":"error","message":"Error","params":{},"path":"/api/v1/users/create","query":{}}
{"body":{},"level":"error","message":"Error","params":{},"path":"/api/v1/users/getAllUsers","query":{}}
{"body":{},"level":"error","message":"Error","params":{},"path":"/api/v1/users/34","query":{}}
{"body":{"age":50,"id":"22","isDeleted":false,"login":"user22","password":"Trungser123"},"level":"error","message":"Error","params":{},"path":"/api/v1/users/create","query":{}}
{"body":{},"level":"error","message":"Error","params":{},"path":"/api/v1/users/getAllUsers","query":{}}
{"body":{},"level":"error","message":"Error","params":{},"path":"/api/v1/users/34","query":{}}
{"body":{"age":50,"id":"22","isDeleted":false,"login":"user22","password":"Trungser123"},"level":"error","message":"Error","params":{},"path":"/api/v1/users/create","query":{}}
{"body":{},"level":"error","message":"Error","params":{},"path":"/api/v1/users/getAllUsers","query":{}}
{"body":{},"level":"error","message":"Error","params":{},"path":"/api/v1/users/34","query":{}}
{"body":{"age":50,"id":"22","isDeleted":false,"login":"user22","password":"Trungser123"},"level":"error","message":"Error","params":{},"path":"/api/v1/users/create","query":{}}
{"body":{},"level":"error","message":"Error","params":{},"path":"/api/v1/users/getAllUsers","query":{}}
{"body":{},"level":"error","message":"Error","params":{},"path":"/api/v1/users/34","query":{}}
{"body":{"age":50,"id":"22","isDeleted":false,"login":"user22","password":"Trungser123"},"level":"error","message":"Error","params":{},"path":"/api/v1/users/create","query":{}}
{"body":{},"level":"error","message":"Error","params":{},"path":"/api/v1/users/getAllUsers","query":{}}
{"body":{},"level":"error","message":"Error","params":{},"path":"/api/v1/users/34","query":{}}
{"body":{"age":29,"id":"34","isDeleted":false,"login":"user34","password":"Trungser123"},"level":"error","message":"Error","params":{},"path":"/api/v1/users/:id","query":{}}
{"body":{"age":50,"id":"22","isDeleted":false,"login":"user22","password":"Trungser123"},"level":"error","message":"Error","params":{},"path":"/api/v1/users/create","query":{}}
{"body":{},"level":"error","message":"Error","params":{},"path":"/api/v1/users/getAllUsers","query":{}}
{"body":{},"level":"error","message":"Error","params":{},"path":"/api/v1/users/34","query":{}}
{"body":{"age":29,"id":"34","isDeleted":false,"login":"user34","password":"Trungser123"},"level":"error","message":"Error","params":{},"path":"/api/v1/users/:id","query":{}}
{"body":{},"level":"error","message":"Error","params":{},"path":"/api/v1/users/:id","query":{}}
{"body":{"age":50,"id":"22","isDeleted":false,"login":"user22","password":"Trungser123"},"level":"error","message":"Error","params":{},"path":"/api/v1/users/create","query":{}}
{"body":{},"level":"error","message":"Error","params":{},"path":"/api/v1/users/getAllUsers","query":{}}
{"body":{},"level":"error","message":"Error","params":{},"path":"/api/v1/users/34","query":{}}
{"body":{"age":29,"id":"34","isDeleted":false,"login":"user34","password":"Trungser123"},"level":"error","message":"Error","params":{},"path":"/api/v1/users/:id","query":{}}
{"body":{},"level":"error","message":"Error","params":{},"path":"/api/v1/users/:id","query":{}}
{"body":{"age":50,"id":"22","isDeleted":false,"login":"user22","password":"Trungser123"},"level":"error","message":"Error","params":{},"path":"/api/v1/users/create","query":{}}
{"body":{},"level":"error","message":"Error","params":{},"path":"/api/v1/users/getAllUsers","query":{}}
{"body":{},"level":"error","message":"Error","params":{},"path":"/api/v1/users/34","query":{}}
{"body":{"age":29,"id":"34","isDeleted":false,"login":"user34","password":"Trungser123"},"level":"error","message":"Error","params":{},"path":"/api/v1/users/:id","query":{}}
{"body":{"age":50,"id":"22","isDeleted":false,"login":"user22","password":"Trungser123"},"level":"error","message":"Error","params":{},"path":"/api/v1/users/create","query":{}}
{"body":{},"level":"error","message":"Error","params":{},"path":"/api/v1/users/getAllUsers","query":{}}
{"body":{},"level":"error","message":"Error","params":{},"path":"/api/v1/users/34","query":{}}
{"body":{"age":29,"id":"34","isDeleted":false,"login":"user34","password":"Trungser123"},"level":"error","message":"Error","params":{},"path":"/api/v1/users/:id","query":{}}
{"body":{"age":50,"id":"22","isDeleted":false,"login":"user22","password":"Trungser123"},"level":"error","message":"Error","params":{},"path":"/api/v1/users/create","query":{}}
{"body":{},"level":"error","message":"Error","params":{},"path":"/api/v1/users/getAllUsers","query":{}}
{"body":{},"level":"error","message":"Error","params":{},"path":"/api/v1/users/34","query":{}}
{"body":{"age":29,"id":"34","isDeleted":false,"login":"user34","password":"Trungser123"},"level":"error","message":"Error","params":{},"path":"/api/v1/users/:id","query":{}}
{"body":{"age":50,"id":"22","isDeleted":false,"login":"user22","password":"Trungser123"},"level":"error","message":"Error","params":{},"path":"/api/v1/users/create","query":{}}
{"body":{},"level":"error","message":"Error","params":{},"path":"/api/v1/users/getAllUsers","query":{}}
{"body":{},"level":"error","message":"Error","params":{},"path":"/api/v1/users/34","query":{}}
{"body":{"age":29,"id":"34","isDeleted":false,"login":"user34","password":"Trungser123"},"level":"error","message":"Error","params":{},"path":"/api/v1/users/:id","query":{}}
{"body":{"age":50,"id":"22","isDeleted":false,"login":"user22","password":"Trungser123"},"level":"error","message":"Error","params":{},"path":"/api/v1/users/create","query":{}}
{"body":{},"level":"error","message":"Error","params":{},"path":"/api/v1/users/getAllUsers","query":{}}
{"body":{},"level":"error","message":"Error","params":{},"path":"/api/v1/users/34","query":{}}
{"body":{"age":29,"id":"34","isDeleted":false,"login":"user34","password":"Trungser123"},"level":"error","message":"Error","params":{},"path":"/api/v1/users/:id","query":{}}
{"body":{"age":50,"id":"22","isDeleted":false,"login":"user22","password":"Trungser123"},"level":"error","message":"Error","params":{},"path":"/api/v1/users/create","query":{}}
{"body":{},"level":"error","message":"Error","params":{},"path":"/api/v1/users/getAllUsers","query":{}}
{"body":{},"level":"error","message":"Error","params":{},"path":"/api/v1/users/34","query":{}}
{"body":{"age":29,"id":"34","isDeleted":false,"login":"user34","password":"Trungser123"},"level":"error","message":"Error","params":{},"path":"/api/v1/users/:id","query":{}}
{"body":{"age":50,"id":"22","isDeleted":false,"login":"user22","password":"Trungser123"},"level":"error","message":"Error","params":{},"path":"/api/v1/users/create","query":{}}
{"body":{},"level":"error","message":"Error","params":{},"path":"/api/v1/users/getAllUsers","query":{}}
{"body":{},"level":"error","message":"Error","params":{},"path":"/api/v1/users/34","query":{}}
{"body":{"age":29,"id":"34","isDeleted":false,"login":"user34","password":"Trungser123"},"level":"error","message":"Error","params":{},"path":"/api/v1/users/:id","query":{}}
{"body":{"age":50,"id":"22","isDeleted":false,"login":"user22","password":"Trungser123"},"level":"error","message":"Error","params":{},"path":"/api/v1/users/create","query":{}}
{"body":{},"level":"error","message":"Error","params":{},"path":"/api/v1/users/getAllUsers","query":{}}
{"body":{},"level":"error","message":"Error","params":{},"path":"/api/v1/users/34","query":{}}
{"body":{"age":29,"id":"34","isDeleted":false,"login":"user34","password":"Trungser123"},"level":"error","message":"Error","params":{},"path":"/api/v1/users/:id","query":{}}
{"body":{"age":50,"id":"22","isDeleted":false,"login":"user22","password":"Trungser123"},"level":"error","message":"Error","params":{},"path":"/api/v1/users/create","query":{}}
{"body":{},"level":"error","message":"Error","params":{},"path":"/api/v1/users/getAllUsers","query":{}}
{"body":{},"level":"error","message":"Error","params":{},"path":"/api/v1/users/34","query":{}}
{"body":{"age":29,"id":"34","isDeleted":false,"login":"user34","password":"Trungser123"},"level":"error","message":"Error","params":{},"path":"/api/v1/users/:id","query":{}}
{"body":{"age":50,"id":"22","isDeleted":false,"login":"user22","password":"Trungser123"},"level":"error","message":"Error","params":{},"path":"/api/v1/users/create","query":{}}
{"body":{},"level":"error","message":"Error","params":{},"path":"/api/v1/users/getAllUsers","query":{}}
{"body":{},"level":"error","message":"Error","params":{},"path":"/api/v1/users/34","query":{}}
{"body":{"age":29,"id":"34","isDeleted":false,"login":"user34","password":"Trungser123"},"level":"error","message":"Error","params":{},"path":"/api/v1/users/:id","query":{}}
{"body":{},"level":"error","message":"Error","params":{},"path":"/api/v1/users/34","query":{}}
{"body":{"age":50,"id":"22","isDeleted":false,"login":"user22","password":"Trungser123"},"level":"error","message":"Error","params":{},"path":"/api/v1/users/create","query":{}}
{"body":{},"level":"error","message":"Error","params":{},"path":"/api/v1/users/getAllUsers","query":{}}
{"body":{},"level":"error","message":"Error","params":{},"path":"/api/v1/users/34","query":{}}
{"body":{"age":29,"id":"34","isDeleted":false,"login":"user34","password":"Trungser123"},"level":"error","message":"Error","params":{},"path":"/api/v1/users/:id","query":{}}
{"body":{"age":50,"id":"22","isDeleted":false,"login":"user22","password":"Trungser123"},"level":"error","message":"Error","params":{},"path":"/api/v1/users/create","query":{}}
{"body":{},"level":"error","message":"Error","params":{},"path":"/api/v1/users/getAllUsers","query":{}}
{"body":{},"level":"error","message":"Error","params":{},"path":"/api/v1/users/34","query":{}}
{"body":{"age":29,"id":"34","isDeleted":false,"login":"user34","password":"Trungser123"},"level":"error","message":"Error","params":{},"path":"/api/v1/users/:id","query":{}}
{"body":{},"level":"error","message":"Error","params":{},"path":"/api/v1/users/100","query":{}}
{"body":{},"level":"error","message":"Error","params":{},"path":"/api/v1/users/99","query":{}}
{"body":{},"level":"error","message":"Error","params":{},"path":"/api/v1/users/34","query":{}}
{"body":{},"level":"error","message":"SequelizeForeignKeyConstraintError","params":{},"path":"/api/v1/users/3","query":{}}
{"body":{},"level":"error","message":"Error","params":{},"path":"/api/v1/users/34","query":{}}
{"body":{"age":50,"id":"22","isDeleted":false,"login":"user22","password":"Trungser123"},"level":"error","message":"Error","params":{},"path":"/api/v1/users/create","query":{}}
{"body":{},"level":"error","message":"Error","params":{},"path":"/api/v1/users/getAllUsers","query":{}}
{"body":{},"level":"error","message":"Error","params":{},"path":"/api/v1/users/34","query":{}}
{"body":{"age":29,"id":"34","isDeleted":false,"login":"user34","password":"Trungser123"},"level":"error","message":"Error","params":{},"path":"/api/v1/users/:id","query":{}}
{"body":{},"level":"error","message":"Error","params":{},"path":"/api/v1/users/34","query":{}}
{"body":{},"level":"error","message":"Error","params":{},"path":"/api/v1/users/34","query":{}}
{"body":{"age":50,"id":"22","isDeleted":false,"login":"user22","password":"Trungser123"},"level":"error","message":"Error","params":{},"path":"/api/v1/users/create","query":{}}
{"body":{},"level":"error","message":"Error","params":{},"path":"/api/v1/users/getAllUsers","query":{}}
{"body":{},"level":"error","message":"Error","params":{},"path":"/api/v1/users/34","query":{}}
{"body":{"age":29,"id":"34","isDeleted":false,"login":"user34","password":"Trungser123"},"level":"error","message":"Error","params":{},"path":"/api/v1/users/:id","query":{}}
{"body":{"age":50,"id":"22","isDeleted":false,"login":"user22","password":"Trungser123"},"level":"error","message":"Error","params":{},"path":"/api/v1/users/create","query":{}}
{"body":{},"level":"error","message":"Error","params":{},"path":"/api/v1/users/getAllUsers","query":{}}
{"body":{},"level":"error","message":"Error","params":{},"path":"/api/v1/users/34","query":{}}
{"body":{"age":29,"id":"34","isDeleted":false,"login":"user34","password":"Trungser123"},"level":"error","message":"Error","params":{},"path":"/api/v1/users/:id","query":{}}
{"body":{"age":50,"id":"22","isDeleted":false,"login":"user22","password":"Trungser123"},"level":"error","message":"Error","params":{},"path":"/api/v1/users/create","query":{}}
{"body":{},"level":"error","message":"Error","params":{},"path":"/api/v1/users/getAllUsers","query":{}}
{"body":{},"level":"error","message":"Error","params":{},"path":"/api/v1/users/34","query":{}}
{"body":{"age":29,"id":"34","isDeleted":false,"login":"user34","password":"Trungser123"},"level":"error","message":"Error","params":{},"path":"/api/v1/users/:id","query":{}}
{"body":{"age":50,"id":"22","isDeleted":false,"login":"user22","password":"Trungser123"},"level":"error","message":"Error","params":{},"path":"/api/v1/users/create","query":{}}
{"body":{},"level":"error","message":"Error","params":{},"path":"/api/v1/users/getAllUsers","query":{}}
{"body":{},"level":"error","message":"Error","params":{},"path":"/api/v1/users/34","query":{}}
{"body":{"age":29,"id":"34","isDeleted":false,"login":"user34","password":"Trungser123"},"level":"error","message":"Error","params":{},"path":"/api/v1/users/:id","query":{}}
{"body":{"age":50,"id":"22","isDeleted":false,"login":"user22","password":"Trungser123"},"level":"error","message":"Error","params":{},"path":"/api/v1/users/create","query":{}}
{"body":{},"level":"error","message":"Error","params":{},"path":"/api/v1/users/getAllUsers","query":{}}
{"body":{},"level":"error","message":"Error","params":{},"path":"/api/v1/users/34","query":{}}
{"body":{"age":29,"id":"34","isDeleted":false,"login":"user34","password":"Trungser123"},"level":"error","message":"Error","params":{},"path":"/api/v1/users/:id","query":{}}
{"body":{},"level":"error","message":"Error","params":{},"path":"/api/v1/users/34","query":{}}
{"body":{"age":50,"id":"22","isDeleted":false,"login":"user22","password":"Trungser123"},"level":"error","message":"Error","params":{},"path":"/api/v1/users/create","query":{}}
{"body":{},"level":"error","message":"Error","params":{},"path":"/api/v1/users/getAllUsers","query":{}}
{"body":{},"level":"error","message":"Error","params":{},"path":"/api/v1/users/34","query":{}}
{"body":{"age":29,"id":"34","isDeleted":false,"login":"user34","password":"Trungser123"},"level":"error","message":"Error","params":{},"path":"/api/v1/users/:id","query":{}}
{"body":{},"level":"error","message":"Error","params":{},"path":"/api/v1/users/10","query":{}}
{"body":{"age":50,"id":"22","isDeleted":false,"login":"user22","password":"Trungser123"},"level":"error","message":"Error","params":{},"path":"/api/v1/users/create","query":{}}
{"body":{},"level":"error","message":"Error","params":{},"path":"/api/v1/users/getAllUsers","query":{}}
{"body":{},"level":"error","message":"Error","params":{},"path":"/api/v1/users/34","query":{}}
{"body":{"age":29,"id":"34","isDeleted":false,"login":"user34","password":"Trungser123"},"level":"error","message":"Error","params":{},"path":"/api/v1/users/:id","query":{}}
{"body":{},"level":"error","message":"SequelizeForeignKeyConstraintError","params":{},"path":"/api/v1/users/3","query":{}}
{"body":{"age":50,"id":"22","isDeleted":false,"login":"user22","password":"Trungser123"},"level":"error","message":"Error","params":{},"path":"/api/v1/users/create","query":{}}
{"body":{},"level":"error","message":"Error","params":{},"path":"/api/v1/users/getAllUsers","query":{}}
{"body":{},"level":"error","message":"Error","params":{},"path":"/api/v1/users/34","query":{}}
{"body":{"age":29,"id":"34","isDeleted":false,"login":"user34","password":"Trungser123"},"level":"error","message":"Error","params":{},"path":"/api/v1/users/:id","query":{}}
{"body":{"age":50,"id":"22","isDeleted":false,"login":"user22","password":"Trungser123"},"level":"error","message":"Error","params":{},"path":"/api/v1/users/create","query":{}}
{"body":{},"level":"error","message":"Error","params":{},"path":"/api/v1/users/getAllUsers","query":{}}
{"body":{},"level":"error","message":"Error","params":{},"path":"/api/v1/users/34","query":{}}
{"body":{"age":29,"id":"34","isDeleted":false,"login":"user34","password":"Trungser123"},"level":"error","message":"Error","params":{},"path":"/api/v1/users/:id","query":{}}
{"body":{"age":50,"id":"22","isDeleted":false,"login":"user22","password":"Trungser123"},"level":"error","message":"Error","params":{},"path":"/api/v1/users/create","query":{}}
{"body":{},"level":"error","message":"Error","params":{},"path":"/api/v1/users/getAllUsers","query":{}}
{"body":{},"level":"error","message":"Error","params":{},"path":"/api/v1/users/34","query":{}}
{"body":{"age":29,"id":"34","isDeleted":false,"login":"user34","password":"Trungser123"},"level":"error","message":"Error","params":{},"path":"/api/v1/users/:id","query":{}}
{"body":{},"level":"error","message":"Error","params":{},"path":"/api/v1/users/8","query":{}}
{"body":{"age":50,"id":"22","isDeleted":false,"login":"user22","password":"Trungser123"},"level":"error","message":"Error","params":{},"path":"/api/v1/users/create","query":{}}
{"body":{},"level":"error","message":"Error","params":{},"path":"/api/v1/users/getAllUsers","query":{}}
{"body":{},"level":"error","message":"Error","params":{},"path":"/api/v1/users/34","query":{}}
{"body":{"age":29,"id":"34","isDeleted":false,"login":"user34","password":"Trungser123"},"level":"error","message":"Error","params":{},"path":"/api/v1/users/:id","query":{}}
{"body":{},"level":"error","message":"Error","params":{},"path":"/api/v1/users/8","query":{}}
{"body":{"age":50,"id":"22","isDeleted":false,"login":"user22","password":"Trungser123"},"level":"error","message":"Error","params":{},"path":"/api/v1/users/create","query":{}}
{"body":{},"level":"error","message":"Error","params":{},"path":"/api/v1/users/getAllUsers","query":{}}
{"body":{},"level":"error","message":"Error","params":{},"path":"/api/v1/users/34","query":{}}
{"body":{"age":29,"id":"34","isDeleted":false,"login":"user34","password":"Trungser123"},"level":"error","message":"Error","params":{},"path":"/api/v1/users/:id","query":{}}
{"body":{"age":50,"id":"22","isDeleted":false,"login":"user22","password":"Trungser123"},"level":"error","message":"Error","params":{},"path":"/api/v1/users/create","query":{}}
{"body":{},"level":"error","message":"Error","params":{},"path":"/api/v1/users/getAllUsers","query":{}}
{"body":{},"level":"error","message":"Error","params":{},"path":"/api/v1/users/34","query":{}}
{"body":{"age":29,"id":"34","isDeleted":false,"login":"user34","password":"Trungser123"},"level":"error","message":"Error","params":{},"path":"/api/v1/users/:id","query":{}}
{"body":{"age":50,"id":"22","isDeleted":false,"login":"user22","password":"Trungser123"},"level":"error","message":"Error","params":{},"path":"/api/v1/users/create","query":{}}
{"body":{},"level":"error","message":"Error","params":{},"path":"/api/v1/users/getAllUsers","query":{}}
{"body":{},"level":"error","message":"Error","params":{},"path":"/api/v1/users/34","query":{}}
{"body":{"age":29,"id":"34","isDeleted":false,"login":"user34","password":"Trungser123"},"level":"error","message":"Error","params":{},"path":"/api/v1/users/:id","query":{}}
{"body":{"age":50,"id":"22","isDeleted":false,"login":"user22","password":"Trungser123"},"level":"error","message":"Error","params":{},"path":"/api/v1/users/create","query":{}}
{"body":{},"level":"error","message":"Error","params":{},"path":"/api/v1/users/getAllUsers","query":{}}
{"body":{},"level":"error","message":"Error","params":{},"path":"/api/v1/users/34","query":{}}
{"body":{"age":29,"id":"34","isDeleted":false,"login":"user34","password":"Trungser123"},"level":"error","message":"Error","params":{},"path":"/api/v1/users/:id","query":{}}
{"body":{"age":50,"id":"22","isDeleted":false,"login":"user22","password":"Trungser123"},"level":"error","message":"Error","params":{},"path":"/api/v1/users/create","query":{}}
{"body":{},"level":"error","message":"Error","params":{},"path":"/api/v1/users/getAllUsers","query":{}}
{"body":{},"level":"error","message":"Error","params":{},"path":"/api/v1/users/34","query":{}}
{"body":{"age":29,"id":"34","isDeleted":false,"login":"user34","password":"Trungser123"},"level":"error","message":"Error","params":{},"path":"/api/v1/users/:id","query":{}}
{"body":{},"level":"error","message":"Error","params":{},"path":"/api/v1/users/getAllUsers","query":{}}
{"body":{},"level":"error","message":"Error","params":{},"path":"/api/v1/users/getAllUsers","query":{}}
{"body":{"login":"user_5","password":"user123"},"level":"error","message":"Error","params":{},"path":"/login","query":{}}
{"body":{"login":"user_5","password":"user123"},"level":"error","message":"Error","params":{},"path":"/api/v1/login","query":{}}
{"body":{"login":"user_5","password":"user123"},"level":"error","message":"Error","params":{},"path":"//api/v1/login","query":{}}
{"body":{"login":"user34","password":"Trungser123"},"level":"error","message":"Error","params":{},"path":"//api/v1/login","query":{}}
{"body":{"login":"user34","password":"Trungser123"},"level":"error","message":"Error","params":{},"path":"//api/v1/login","query":{}}
{"body":{"login":"user34","password":"Trungser123"},"level":"error","message":"Error","params":{},"path":"/api/v1/login","query":{}}
{"body":{"login":"user34","password":"Trungser123"},"level":"error","message":"Error","params":{},"path":"/api/v1/login","query":{}}
{"body":{"login":"user34","password":"Trungser123"},"level":"error","message":"Error","params":{},"path":"/api/v1/login","query":{}}
{"body":{"age":50,"id":"22","isDeleted":false,"login":"user22","password":"Trungser123"},"level":"error","message":"Error","params":{},"path":"/api/v1/users/create","query":{}}
{"body":{},"level":"error","message":"Error","params":{},"path":"/api/v1/users/getAllUsers","query":{}}
{"body":{},"level":"error","message":"Error","params":{},"path":"/api/v1/users/34","query":{}}
{"body":{"age":29,"id":"34","isDeleted":false,"login":"user34","password":"Trungser123"},"level":"error","message":"Error","params":{},"path":"/api/v1/users/:id","query":{}}
{"body":{"login":"user34","password":"Trungser123"},"level":"error","message":"Error","params":{},"path":"/api/v1/login","query":{}}
{"body":{"login":"user34","password":"Trungser123"},"level":"error","message":"Error","params":{},"path":"/api/v1/login","query":{}}
{"body":{"login":"user34","password":"Trungser123"},"level":"error","message":"Error","params":{},"path":"/api/v1/login","query":{}}
{"body":{"login":"user34","password":"Trungser123"},"level":"error","message":"Error","params":{},"path":"/api/v1/login","query":{}}
{"body":{"login":"user34","password":"Trungser123"},"level":"error","message":"Error","params":{},"path":"/api/v1/login","query":{}}
{"body":{"login":"user34","password":"Trungser123"},"level":"error","message":"Error","params":{},"path":"/api/v1/login","query":{}}
{"body":{"age":50,"id":"22","isDeleted":false,"login":"user22","password":"Trungser123"},"level":"error","message":"Error","params":{},"path":"/api/v1/users/create","query":{}}
{"body":{},"level":"error","message":"Error","params":{},"path":"/api/v1/users/getAllUsers","query":{}}
{"body":{},"level":"error","message":"Error","params":{},"path":"/api/v1/users/34","query":{}}
{"body":{"age":29,"id":"34","isDeleted":false,"login":"user34","password":"Trungser123"},"level":"error","message":"Error","params":{},"path":"/api/v1/users/:id","query":{}}
{"body":{"login":"user34","password":"Trungser123"},"level":"error","message":"Error","params":{},"path":"/api/v1/login","query":{}}
{"body":{"login":"user34","password":"Trung123"},"level":"error","message":"Error","params":{},"path":"/api/v1/login","query":{}}
{"body":{"age":50,"id":"22","isDeleted":false,"login":"user22","password":"Trungser123"},"level":"error","message":"Error","params":{},"path":"/api/v1/users/create","query":{}}
{"body":{},"level":"error","message":"Error","params":{},"path":"/api/v1/users/getAllUsers","query":{}}
{"body":{},"level":"error","message":"Error","params":{},"path":"/api/v1/users/34","query":{}}
{"body":{"age":29,"id":"34","isDeleted":false,"login":"user34","password":"Trungser123"},"level":"error","message":"Error","params":{},"path":"/api/v1/users/:id","query":{}}
{"body":{"login":"user34","password":"Trung123"},"level":"error","message":"Error","params":{},"path":"/api/v1/login","query":{}}
{"body":{"login":"user34","password":"Trung123"},"level":"error","message":"Error","params":{},"path":"/api/v1/login","query":{}}
{"body":{"age":50,"id":"22","isDeleted":false,"login":"user22","password":"Trungser123"},"level":"error","message":"Error","params":{},"path":"/api/v1/users/create","query":{}}
{"body":{},"level":"error","message":"Error","params":{},"path":"/api/v1/users/getAllUsers","query":{}}
{"body":{},"level":"error","message":"Error","params":{},"path":"/api/v1/users/34","query":{}}
{"body":{"age":29,"id":"34","isDeleted":false,"login":"user34","password":"Trungser123"},"level":"error","message":"Error","params":{},"path":"/api/v1/users/:id","query":{}}
{"body":{"login":"user34","password":"Trung123"},"level":"error","message":"Error","params":{},"path":"/api/v1/login","query":{}}
{"body":{"age":50,"id":"22","isDeleted":false,"login":"user22","password":"Trungser123"},"level":"error","message":"Error","params":{},"path":"/api/v1/users/create","query":{}}
{"body":{},"level":"error","message":"Error","params":{},"path":"/api/v1/users/getAllUsers","query":{}}
{"body":{},"level":"error","message":"Error","params":{},"path":"/api/v1/users/34","query":{}}
{"body":{"age":29,"id":"34","isDeleted":false,"login":"user34","password":"Trungser123"},"level":"error","message":"Error","params":{},"path":"/api/v1/users/:id","query":{}}
{"body":{"login":"user34","password":"Trung123"},"level":"error","message":"Error","params":{},"path":"/api/v1/login","query":{}}
{"body":{"age":50,"id":"22","isDeleted":false,"login":"user22","password":"Trungser123"},"level":"error","message":"Error","params":{},"path":"/api/v1/users/create","query":{}}
{"body":{},"level":"error","message":"Error","params":{},"path":"/api/v1/users/getAllUsers","query":{}}
{"body":{},"level":"error","message":"Error","params":{},"path":"/api/v1/users/34","query":{}}
{"body":{"age":29,"id":"34","isDeleted":false,"login":"user34","password":"Trungser123"},"level":"error","message":"Error","params":{},"path":"/api/v1/users/:id","query":{}}
{"body":{"login":"user34","password":"Trung123"},"level":"error","message":"Error","params":{},"path":"/api/v1/login","query":{}}
{"body":{"age":50,"id":"22","isDeleted":false,"login":"user22","password":"Trungser123"},"level":"error","message":"Error","params":{},"path":"/api/v1/users/create","query":{}}
{"body":{},"level":"error","message":"Error","params":{},"path":"/api/v1/users/getAllUsers","query":{}}
{"body":{},"level":"error","message":"Error","params":{},"path":"/api/v1/users/34","query":{}}
{"body":{"age":29,"id":"34","isDeleted":false,"login":"user34","password":"Trungser123"},"level":"error","message":"Error","params":{},"path":"/api/v1/users/:id","query":{}}
{"body":{"login":"user34","password":"Trung123"},"level":"error","message":"Error","params":{},"path":"/api/v1/login","query":{}}
{"body":{"age":50,"id":"22","isDeleted":false,"login":"user22","password":"Trungser123"},"level":"error","message":"Error","params":{},"path":"/api/v1/users/create","query":{}}
{"body":{},"level":"error","message":"Error","params":{},"path":"/api/v1/users/getAllUsers","query":{}}
{"body":{},"level":"error","message":"Error","params":{},"path":"/api/v1/users/34","query":{}}
{"body":{"age":29,"id":"34","isDeleted":false,"login":"user34","password":"Trungser123"},"level":"error","message":"Error","params":{},"path":"/api/v1/users/:id","query":{}}
{"body":{"login":"user34","password":"Trungser123"},"level":"error","message":"Error","params":{},"path":"/api/v1/login","query":{}}
{"body":{"login":"user4","password":"123"},"level":"error","message":"Error","params":{},"path":"/api/v1/login","query":{}}
{"body":{"age":50,"id":"22","isDeleted":false,"login":"user22","password":"Trungser123"},"level":"error","message":"Error","params":{},"path":"/api/v1/users/create","query":{}}
{"body":{},"level":"error","message":"Error","params":{},"path":"/api/v1/users/getAllUsers","query":{}}
{"body":{},"level":"error","message":"Error","params":{},"path":"/api/v1/users/34","query":{}}
{"body":{"age":29,"id":"34","isDeleted":false,"login":"user34","password":"Trungser123"},"level":"error","message":"Error","params":{},"path":"/api/v1/users/:id","query":{}}
{"body":{"login":"user4","password":"123"},"level":"error","message":"Error","params":{},"path":"/api/v1/login","query":{}}
{"body":{"age":50,"id":"22","isDeleted":false,"login":"user22","password":"Trungser123"},"level":"error","message":"Error","params":{},"path":"/api/v1/users/create","query":{}}
{"body":{},"level":"error","message":"Error","params":{},"path":"/api/v1/users/getAllUsers","query":{}}
{"body":{},"level":"error","message":"Error","params":{},"path":"/api/v1/users/34","query":{}}
{"body":{"age":29,"id":"34","isDeleted":false,"login":"user34","password":"Trungser123"},"level":"error","message":"Error","params":{},"path":"/api/v1/users/:id","query":{}}
{"body":{"login":"user4","password":"123"},"level":"error","message":"Error","params":{},"path":"/api/v1/login","query":{}}
{"body":{"age":50,"id":"22","isDeleted":false,"login":"user22","password":"Trungser123"},"level":"error","message":"Error","params":{},"path":"/api/v1/users/create","query":{}}
{"body":{},"level":"error","message":"Error","params":{},"path":"/api/v1/users/getAllUsers","query":{}}
{"body":{},"level":"error","message":"Error","params":{},"path":"/api/v1/users/34","query":{}}
{"body":{"age":29,"id":"34","isDeleted":false,"login":"user34","password":"Trungser123"},"level":"error","message":"Error","params":{},"path":"/api/v1/users/:id","query":{}}
{"body":{"login":"user4","password":"123"},"level":"error","message":"Error","params":{},"path":"/api/v1/login","query":{}}
{"body":{"age":50,"id":"22","isDeleted":false,"login":"user22","password":"Trungser123"},"level":"error","message":"Error","params":{},"path":"/api/v1/users/create","query":{}}
{"body":{},"level":"error","message":"Error","params":{},"path":"/api/v1/users/getAllUsers","query":{}}
{"body":{},"level":"error","message":"Error","params":{},"path":"/api/v1/users/34","query":{}}
{"body":{"age":29,"id":"34","isDeleted":false,"login":"user34","password":"Trungser123"},"level":"error","message":"Error","params":{},"path":"/api/v1/users/:id","query":{}}
{"body":{"age":50,"id":"22","isDeleted":false,"login":"user22","password":"Trungser123"},"level":"error","message":"Error","params":{},"path":"/api/v1/users/create","query":{}}
{"body":{},"level":"error","message":"Error","params":{},"path":"/api/v1/users/getAllUsers","query":{}}
{"body":{},"level":"error","message":"Error","params":{},"path":"/api/v1/users/34","query":{}}
{"body":{"age":29,"id":"34","isDeleted":false,"login":"user34","password":"Trungser123"},"level":"error","message":"Error","params":{},"path":"/api/v1/users/:id","query":{}}
{"body":{"age":50,"id":"22","isDeleted":false,"login":"user22","password":"Trungser123"},"level":"error","message":"Error","params":{},"path":"/api/v1/users/create","query":{}}
{"body":{},"level":"error","message":"Error","params":{},"path":"/api/v1/users/getAllUsers","query":{}}
{"body":{},"level":"error","message":"Error","params":{},"path":"/api/v1/users/34","query":{}}
{"body":{"age":29,"id":"34","isDeleted":false,"login":"user34","password":"Trungser123"},"level":"error","message":"Error","params":{},"path":"/api/v1/users/:id","query":{}}
{"body":{},"level":"error","message":"Error","params":{},"path":"/api/v1/users/getAllUsers","query":{}}
{"body":{},"level":"error","message":"Error","params":{},"path":"/api/v1/users/getAllUsers","query":{}}
{"body":{},"level":"error","message":"Error","params":{},"path":"/api/v1/users/getAllUsers","query":{}}
{"body":{},"level":"error","message":"Error","params":{},"path":"/api/v1/users/getAllUsers","query":{}}
{"body":{},"level":"error","message":"Error","params":{},"path":"/api/v1/users/getAllUsers","query":{}}
{"body":{},"level":"error","message":"Error","params":{},"path":"/api/v1/users/getAllUsers","query":{}}
{"body":{},"level":"error","message":"Error","params":{},"path":"/api/v1/users/getAllUsers","query":{}}
{"body":{},"level":"error","message":"Error","params":{},"path":"/api/v1/users/getAllUsers","query":{}}
{"body":{},"level":"error","message":"Error","params":{},"path":"/api/v1/users/getAllUsers","query":{}}
{"body":{"age":50,"id":"22","isDeleted":false,"login":"user22","password":"Trungser123"},"level":"error","message":"Error","params":{},"path":"/api/v1/users/create","query":{}}
{"body":{},"level":"error","message":"Error","params":{},"path":"/api/v1/users/getAllUsers","query":{}}
{"body":{},"level":"error","message":"Error","params":{},"path":"/api/v1/users/34","query":{}}
{"body":{"age":29,"id":"34","isDeleted":false,"login":"user34","password":"Trungser123"},"level":"error","message":"Error","params":{},"path":"/api/v1/users/:id","query":{}}
{"body":{"age":50,"id":"22","isDeleted":false,"login":"user22","password":"Trungser123"},"level":"error","message":"Error","params":{},"path":"/api/v1/users/create","query":{}}
{"body":{},"level":"error","message":"Error","params":{},"path":"/api/v1/users/getAllUsers","query":{}}
{"body":{},"level":"error","message":"Error","params":{},"path":"/api/v1/users/34","query":{}}
{"body":{"age":29,"id":"34","isDeleted":false,"login":"user34","password":"Trungser123"},"level":"error","message":"Error","params":{},"path":"/api/v1/users/:id","query":{}}
{"body":{"age":50,"id":"22","isDeleted":false,"login":"user22","password":"Trungser123"},"level":"error","message":"Error","params":{},"path":"/api/v1/users/create","query":{}}
{"body":{},"level":"error","message":"Error","params":{},"path":"/api/v1/users/getAllUsers","query":{}}
{"body":{},"level":"error","message":"Error","params":{},"path":"/api/v1/users/34","query":{}}
{"body":{"age":29,"id":"34","isDeleted":false,"login":"user34","password":"Trungser123"},"level":"error","message":"Error","params":{},"path":"/api/v1/users/:id","query":{}}
{"body":{"age":50,"id":"22","isDeleted":false,"login":"user22","password":"Trungser123"},"level":"error","message":"Error","params":{},"path":"/api/v1/users/create","query":{}}
{"body":{},"level":"error","message":"Error","params":{},"path":"/api/v1/users/getAllUsers","query":{}}
{"body":{},"level":"error","message":"Error","params":{},"path":"/api/v1/users/34","query":{}}
{"body":{"age":29,"id":"34","isDeleted":false,"login":"user34","password":"Trungser123"},"level":"error","message":"Error","params":{},"path":"/api/v1/users/:id","query":{}}
{"body":{"age":50,"id":"22","isDeleted":false,"login":"user22","password":"Trungser123"},"level":"error","message":"Error","params":{},"path":"/api/v1/users/create","query":{}}
{"body":{},"level":"error","message":"Error","params":{},"path":"/api/v1/users/getAllUsers","query":{}}
{"body":{},"level":"error","message":"Error","params":{},"path":"/api/v1/users/34","query":{}}
{"body":{"age":29,"id":"34","isDeleted":false,"login":"user34","password":"Trungser123"},"level":"error","message":"Error","params":{},"path":"/api/v1/users/:id","query":{}}
{"body":{"age":50,"id":"22","isDeleted":false,"login":"user22","password":"Trungser123"},"level":"error","message":"Error","params":{},"path":"/api/v1/users/create","query":{}}
{"body":{},"level":"error","message":"Error","params":{},"path":"/api/v1/users/getAllUsers","query":{}}
{"body":{},"level":"error","message":"Error","params":{},"path":"/api/v1/users/34","query":{}}
{"body":{"age":29,"id":"34","isDeleted":false,"login":"user34","password":"Trungser123"},"level":"error","message":"Error","params":{},"path":"/api/v1/users/:id","query":{}}
{"body":{"age":50,"id":"22","isDeleted":false,"login":"user22","password":"Trungser123"},"level":"error","message":"Error","params":{},"path":"/api/v1/users/create","query":{}}
{"body":{},"level":"error","message":"Error","params":{},"path":"/api/v1/users/getAllUsers","query":{}}
{"body":{},"level":"error","message":"Error","params":{},"path":"/api/v1/users/34","query":{}}
{"body":{"age":29,"id":"34","isDeleted":false,"login":"user34","password":"Trungser123"},"level":"error","message":"Error","params":{},"path":"/api/v1/users/:id","query":{}}
{"body":{"age":50,"id":"22","isDeleted":false,"login":"user22","password":"Trungser123"},"level":"error","message":"Error","params":{},"path":"/api/v1/users/create","query":{}}
{"body":{},"level":"error","message":"Error","params":{},"path":"/api/v1/users/getAllUsers","query":{}}
{"body":{},"level":"error","message":"Error","params":{},"path":"/api/v1/users/34","query":{}}
{"body":{"age":29,"id":"34","isDeleted":false,"login":"user34","password":"Trungser123"},"level":"error","message":"Error","params":{},"path":"/api/v1/users/:id","query":{}}
